<?xml version="1.0" encoding="UTF-8"?>
<testsuite xmlns:xsi="http://www.w3.org/2001/XMLSchema-instance" xsi:noNamespaceSchemaLocation="https://maven.apache.org/surefire/maven-surefire-plugin/xsd/surefire-test-report-3.0.xsd" version="3.0" name="org.test.selenium.SauceDemoTest" time="6.984" tests="1" errors="0" skipped="0" failures="0">
  <properties>
[...]
</properties>
  <testcase name="testCompletePurchaseFlow[chrome](1)" classname="org.test.selenium.SauceDemoTest" time="2.28">
    <system-out><![CDATA[2026-02-04 00:20:59.050 [main] INFO  io.github.bonigarcia.wdm.WebDriverManager - Using chromedriver 144.0.7559.109 (resolved driver for Chrome 144)
2026-02-04 00:20:59.077 [main] INFO  io.github.bonigarcia.wdm.WebDriverManager - Exporting webdriver.chrome.driver as /Users/vipinpandey/.cache/selenium/chromedriver/mac-x64/144.0.7559.109/chromedriver
2026-02-04 00:21:01.493 [main] INFO  org.main.selenium.reporting.Logger - Navigating to sauce Demo
2026-02-04 00:21:01.640 [main] INFO  org.main.selenium.reporting.Logger - Attempting to login to Sauce Demo with username: standard_user
2026-02-04 00:21:02.290 [main] INFO  org.main.selenium.reporting.Logger - Entered username
2026-02-04 00:21:02.457 [main] INFO  org.main.selenium.reporting.Logger - Entered password
2026-02-04 00:21:02.634 [main] INFO  org.main.selenium.reporting.Logger - Clicked login button
2026-02-04 00:21:02.686 [main] INFO  org.main.selenium.reporting.Logger - Login verification successful
2026-02-04 00:21:02.686 [main] INFO  org.main.selenium.reporting.Logger - Starting add to cart and checkout process
2026-02-04 00:21:02.838 [main] INFO  org.main.selenium.reporting.Logger - Clicked on backpack product
2026-02-04 00:21:02.948 [main] INFO  org.main.selenium.reporting.Logger - Added backpack to cart
2026-02-04 00:21:02.967 [main] INFO  org.main.selenium.reporting.Logger - Cart badge displayed - item added successfully
2026-02-04 00:21:03.064 [main] INFO  org.main.selenium.reporting.Logger - Navigated to cart page
2026-02-04 00:21:03.159 [main] INFO  org.main.selenium.reporting.Logger - Clicked checkout button
2026-02-04 00:21:03.284 [main] INFO  org.main.selenium.reporting.Logger - Entered first name
2026-02-04 00:21:03.386 [main] INFO  org.main.selenium.reporting.Logger - Entered last name
2026-02-04 00:21:03.470 [main] INFO  org.main.selenium.reporting.Logger - Entered postal code
2026-02-04 00:21:03.580 [main] INFO  org.main.selenium.reporting.Logger - Clicked continue button
2026-02-04 00:21:03.623 [main] INFO  org.main.selenium.reporting.Logger - Checkout overview page displayed
2026-02-04 00:21:03.667 [main] INFO  org.main.selenium.reporting.Logger - Total price displayed: Total: $32.39
2026-02-04 00:21:03.668 [main] INFO  org.main.selenium.reporting.Logger - Finishing checkout process
2026-02-04 00:21:03.765 [main] INFO  org.main.selenium.reporting.Logger - Clicked finish button
]]></system-out>
    <system-err><![CDATA[Feb 04, 2026 12:21:01 AM org.openqa.selenium.devtools.CdpVersionFinder findNearestMatch
WARNING: Unable to find CDP implementation matching 144
Feb 04, 2026 12:21:01 AM org.openqa.selenium.chromium.ChromiumDriver lambda$new$5
WARNING: Unable to find version of CDP to use for 144.0.7559.110. You may need to include a dependency on a specific version of the CDP using something similar to `org.seleniumhq.selenium:selenium-devtools-v86:4.25.0` where the version ("v86") matches the version of the chromium-based browser you're using and the version number of the artifact is the same as Selenium's.
]]></system-err>
  </testcase>
</testsuite>